<?xml version="1.0" encoding="UTF-8"?>
<!-- Generated by org.testng.reporters.JUnitXMLReporter -->
<testsuite ignored="0" hostname="LAPTOP-8UAK4O0H" failures="0" tests="5" name="Default test" time="177.406" errors="0" timestamp="12 May 2022 07:25:41 GMT">
  <testcase classname="test.TestFile" name="publicPortal" time="5.53"/>
  <testcase classname="test.TestFile" name="tabsVerification" time="26.251"/>
  <testcase classname="test.TestFile" name="advanceSea" time="46.428"/>
  <testcase classname="test.TestFile" name="generalWeb" time="28.903"/>
  <testcase classname="test.TestFile" name="twitterpage" time="53.691"/>
</testsuite> <!-- Default test -->
