<?xml version="1.0" encoding="UTF-8"?>
<!-- Generated by org.testng.reporters.JUnitXMLReporter -->
<testsuite ignored="0" hostname="LAPTOP-8UAK4O0H" failures="0" tests="5" name="Test" time="148.689" errors="0" timestamp="12 May 2022 14:25:43 GMT">
  <testcase classname="test.TestFile" name="publicPortal" time="21.15"/>
  <testcase classname="test.TestFile" name="tabsVerification" time="46.052"/>
  <testcase classname="test.TestFile" name="advanceSea" time="29.88"/>
  <testcase classname="test.TestFile" name="generalWeb" time="17.48"/>
  <testcase classname="test.TestFile" name="twitterpage" time="15.12"/>
</testsuite> <!-- Test -->
