<?xml version="1.0" encoding="UTF-8"?>
<testng-results ignored="0" total="5" passed="5" failed="0" skipped="0">
  <reporter-output>
  </reporter-output>
  <suite started-at="2022-05-12T14:23:14Z" name="Suite" finished-at="2022-05-12T14:25:43Z" duration-ms="148689">
    <groups>
    </groups>
    <test started-at="2022-05-12T14:23:14Z" name="Test" finished-at="2022-05-12T14:25:43Z" duration-ms="148689">
      <class name="test.TestFile">
        <test-method is-config="true" signature="beforeMethod()[pri:0, instance:test.TestFile@7e5c856f]" started-at="2022-05-12T10:23:14Z" name="beforeMethod" finished-at="2022-05-12T10:23:16Z" duration-ms="1606" status="PASS">
          <reporter-output>
          </reporter-output>
        </test-method> <!-- beforeMethod -->
        <test-method signature="publicPortal()[pri:1, instance:test.TestFile@7e5c856f]" started-at="2022-05-12T10:23:16Z" name="publicPortal" finished-at="2022-05-12T10:23:37Z" duration-ms="21150" status="PASS">
          <reporter-output>
          </reporter-output>
        </test-method> <!-- publicPortal -->
        <test-method is-config="true" signature="afterMethod()[pri:0, instance:test.TestFile@7e5c856f]" started-at="2022-05-12T10:23:37Z" name="afterMethod" finished-at="2022-05-12T10:23:39Z" duration-ms="2118" status="PASS">
          <reporter-output>
          </reporter-output>
        </test-method> <!-- afterMethod -->
        <test-method is-config="true" signature="beforeMethod()[pri:0, instance:test.TestFile@7e5c856f]" started-at="2022-05-12T10:23:39Z" name="beforeMethod" finished-at="2022-05-12T10:23:42Z" duration-ms="3410" status="PASS">
          <reporter-output>
          </reporter-output>
        </test-method> <!-- beforeMethod -->
        <test-method signature="tabsVerification()[pri:2, instance:test.TestFile@7e5c856f]" started-at="2022-05-12T10:23:42Z" name="tabsVerification" finished-at="2022-05-12T10:24:29Z" duration-ms="46052" status="PASS">
          <reporter-output>
          </reporter-output>
        </test-method> <!-- tabsVerification -->
        <test-method is-config="true" signature="afterMethod()[pri:0, instance:test.TestFile@7e5c856f]" started-at="2022-05-12T10:24:29Z" name="afterMethod" finished-at="2022-05-12T10:24:31Z" duration-ms="2901" status="PASS">
          <reporter-output>
          </reporter-output>
        </test-method> <!-- afterMethod -->
        <test-method is-config="true" signature="beforeMethod()[pri:0, instance:test.TestFile@7e5c856f]" started-at="2022-05-12T10:24:31Z" name="beforeMethod" finished-at="2022-05-12T10:24:36Z" duration-ms="4199" status="PASS">
          <reporter-output>
          </reporter-output>
        </test-method> <!-- beforeMethod -->
        <test-method signature="advanceSea()[pri:3, instance:test.TestFile@7e5c856f]" started-at="2022-05-12T10:24:36Z" name="advanceSea" finished-at="2022-05-12T10:25:06Z" duration-ms="29880" status="PASS">
          <reporter-output>
          </reporter-output>
        </test-method> <!-- advanceSea -->
        <test-method is-config="true" signature="afterMethod()[pri:0, instance:test.TestFile@7e5c856f]" started-at="2022-05-12T10:25:06Z" name="afterMethod" finished-at="2022-05-12T10:25:06Z" duration-ms="342" status="PASS">
          <reporter-output>
          </reporter-output>
        </test-method> <!-- afterMethod -->
        <test-method is-config="true" signature="beforeMethod()[pri:0, instance:test.TestFile@7e5c856f]" started-at="2022-05-12T10:25:06Z" name="beforeMethod" finished-at="2022-05-12T10:25:08Z" duration-ms="2191" status="PASS">
          <reporter-output>
          </reporter-output>
        </test-method> <!-- beforeMethod -->
        <test-method signature="generalWeb()[pri:4, instance:test.TestFile@7e5c856f]" started-at="2022-05-12T10:25:08Z" name="generalWeb" finished-at="2022-05-12T10:25:26Z" duration-ms="17480" status="PASS">
          <reporter-output>
          </reporter-output>
        </test-method> <!-- generalWeb -->
        <test-method is-config="true" signature="afterMethod()[pri:0, instance:test.TestFile@7e5c856f]" started-at="2022-05-12T10:25:26Z" name="afterMethod" finished-at="2022-05-12T10:25:26Z" duration-ms="148" status="PASS">
          <reporter-output>
          </reporter-output>
        </test-method> <!-- afterMethod -->
        <test-method is-config="true" signature="beforeMethod()[pri:0, instance:test.TestFile@7e5c856f]" started-at="2022-05-12T10:25:26Z" name="beforeMethod" finished-at="2022-05-12T10:25:27Z" duration-ms="1389" status="PASS">
          <reporter-output>
          </reporter-output>
        </test-method> <!-- beforeMethod -->
        <test-method signature="twitterpage()[pri:5, instance:test.TestFile@7e5c856f]" started-at="2022-05-12T10:25:27Z" name="twitterpage" finished-at="2022-05-12T10:25:42Z" duration-ms="15120" status="PASS">
          <reporter-output>
          </reporter-output>
        </test-method> <!-- twitterpage -->
        <test-method is-config="true" signature="afterMethod()[pri:0, instance:test.TestFile@7e5c856f]" started-at="2022-05-12T10:25:42Z" name="afterMethod" finished-at="2022-05-12T10:25:43Z" duration-ms="677" status="PASS">
          <reporter-output>
          </reporter-output>
        </test-method> <!-- afterMethod -->
      </class> <!-- test.TestFile -->
    </test> <!-- Test -->
  </suite> <!-- Suite -->
</testng-results>
